<?xml version="1.0" encoding="UTF-8"?>
<!-- Generated by org.testng.reporters.JUnitXMLReporter -->
<testsuite hostname="DESKTOP-LGHD715" failures="1" tests="1" name="verifyLogInpageISdisplayed" time="8.997" errors="0" timestamp="6 Aug 2022 19:20:16 GMT">
  <testcase classname="com.Surveymonkey.testCases.verifyLogInpageISdisplayed" name="logInpageTest" time="5.001">
    <failure type="java.lang.AssertionError" message="Wrong application is opened expected [SurveyMonkey - Log in] but found [SurveyMonkey Login]">
      <![CDATA[java.lang.AssertionError: Wrong application is opened expected [SurveyMonkey - Log in] but found [SurveyMonkey Login]
	at com.Surveymonkey.testCases.verifyLogInpageISdisplayed.logInpageTest(verifyLogInpageISdisplayed.java:34)
... Removed 28 stack frames]]>
    </failure>
  </testcase> <!-- logInpageTest -->
</testsuite> <!-- verifyLogInpageISdisplayed -->
